# JRE version: OpenJDK Runtime Environment (23.0.2) (build 23.0.2)
# Java VM: OpenJDK 64-Bit Server VM (23.0.2, mixed mode, sharing, tiered, compressed oops, compressed class ptrs, g1 gc, linux-amd64)
GC Precious Log:
 CardTable entry size: 512
 Card Set container configuration: InlinePtr #cards 4 size 8 Array Of Cards #cards 16 size 48 Howl #buckets 8 coarsen threshold 3686 Howl Bitmap #cards 512 size 80 coarsen threshold 460 Card regions per heap region 1 cards per card region 4096
 CPUs: 8 total, 8 available
 Memory: 15718M
 Large Page Support: Disabled
 NUMA Support: Disabled
 Compressed Oops: Enabled (Zero based)
 Heap Region Size: 2M
 Heap Min Capacity: 8M
 Heap Initial Capacity: 246M
 Heap Max Capacity: 3930M
 Pre-touch: Disabled
 Parallel Workers: 8
 Concurrent Workers: 2
 Concurrent Refinement Workers: 8
 Periodic GC: Disabled
Heap:
 garbage-first heap   total reserved 4024320K, committed 69632K, used 29900K [0x000000070a600000, 0x0000000800000000)
  region size 2048K, 10 young (20480K), 3 survivors (6144K)
 Metaspace       used 37988K, committed 38272K, reserved 1114112K
  class space    used 4264K, committed 4416K, reserved 1048576K
GC Heap History (14 events):
Event: 0.313 GC heap before
{Heap before GC invocations=0 (full 0):
 garbage-first heap   total reserved 4024320K, committed 253952K, used 25721K [0x000000070a600000, 0x0000000800000000)
  region size 2048K, 12 young (24576K), 0 survivors (0K)
 Metaspace       used 6877K, committed 7104K, reserved 1114112K
  class space    used 667K, committed 768K, reserved 1048576K
}
Event: 0.320 GC heap after
{Heap after GC invocations=1 (full 0):
 garbage-first heap   total reserved 4024320K, committed 253952K, used 11111K [0x000000070a600000, 0x0000000800000000)
  region size 2048K, 2 young (4096K), 2 survivors (4096K)
 Metaspace       used 6877K, committed 7104K, reserved 1114112K
  class space    used 667K, committed 768K, reserved 1048576K
}
Event: 0.474 GC heap before
{Heap before GC invocations=1 (full 0):
 garbage-first heap   total reserved 4024320K, committed 253952K, used 29543K [0x000000070a600000, 0x0000000800000000)
  region size 2048K, 12 young (24576K), 2 survivors (4096K)
 Metaspace       used 13848K, committed 14080K, reserved 1114112K
  class space    used 1338K, committed 1408K, reserved 1048576K
}
Event: 0.478 GC heap after
{Heap after GC invocations=2 (full 0):
 garbage-first heap   total reserved 4024320K, committed 253952K, used 12241K [0x000000070a600000, 0x0000000800000000)
  region size 2048K, 1 young (2048K), 1 survivors (2048K)
 Metaspace       used 13848K, committed 14080K, reserved 1114112K
  class space    used 1338K, committed 1408K, reserved 1048576K
}
Event: 0.831 GC heap before
{Heap before GC invocations=2 (full 0):
 garbage-first heap   total reserved 4024320K, committed 253952K, used 32721K [0x000000070a600000, 0x0000000800000000)
  region size 2048K, 12 young (24576K), 1 survivors (2048K)
 Metaspace       used 21260K, committed 21504K, reserved 1114112K
  class space    used 2096K, committed 2240K, reserved 1048576K
}
Event: 0.835 GC heap after
{Heap after GC invocations=3 (full 0):
 garbage-first heap   total reserved 4024320K, committed 253952K, used 13112K [0x000000070a600000, 0x0000000800000000)
  region size 2048K, 1 young (2048K), 1 survivors (2048K)
 Metaspace       used 21260K, committed 21504K, reserved 1114112K
  class space    used 2096K, committed 2240K, reserved 1048576K
}
Event: 1.089 GC heap before
{Heap before GC invocations=4 (full 0):
 garbage-first heap   total reserved 4024320K, committed 49152K, used 39736K [0x000000070a600000, 0x0000000800000000)
  region size 2048K, 14 young (28672K), 1 survivors (2048K)
 Metaspace       used 23231K, committed 23488K, reserved 1114112K
  class space    used 2392K, committed 2496K, reserved 1048576K
}
Event: 1.098 GC heap after
{Heap after GC invocations=5 (full 0):
 garbage-first heap   total reserved 4024320K, committed 49152K, used 13610K [0x000000070a600000, 0x0000000800000000)
  region size 2048K, 2 young (4096K), 2 survivors (4096K)
 Metaspace       used 23231K, committed 23488K, reserved 1114112K
  class space    used 2392K, committed 2496K, reserved 1048576K
}
Event: 1.419 GC heap before
{Heap before GC invocations=5 (full 0):
 garbage-first heap   total reserved 4024320K, committed 49152K, used 32042K [0x000000070a600000, 0x0000000800000000)
  region size 2048K, 12 young (24576K), 2 survivors (4096K)
 Metaspace       used 27863K, committed 28096K, reserved 1114112K
  class space    used 3012K, committed 3136K, reserved 1048576K
}
Event: 1.429 GC heap after
{Heap after GC invocations=6 (full 0):
 garbage-first heap   total reserved 4024320K, committed 49152K, used 15087K [0x000000070a600000, 0x0000000800000000)
  region size 2048K, 2 young (4096K), 2 survivors (4096K)
 Metaspace       used 27863K, committed 28096K, reserved 1114112K
  class space    used 3012K, committed 3136K, reserved 1048576K
}
Event: 1.802 GC heap before
{Heap before GC invocations=6 (full 0):
 garbage-first heap   total reserved 4024320K, committed 49152K, used 37615K [0x000000070a600000, 0x0000000800000000)
  region size 2048K, 13 young (26624K), 2 survivors (4096K)
 Metaspace       used 33401K, committed 33664K, reserved 1114112K
  class space    used 3691K, committed 3776K, reserved 1048576K
}
Event: 1.808 GC heap after
{Heap after GC invocations=7 (full 0):
 garbage-first heap   total reserved 4024320K, committed 151552K, used 16996K [0x000000070a600000, 0x0000000800000000)
  region size 2048K, 2 young (4096K), 2 survivors (4096K)
 Metaspace       used 33401K, committed 33664K, reserved 1114112K
  class space    used 3691K, committed 3776K, reserved 1048576K
}
Event: 33.208 GC heap before
{Heap before GC invocations=7 (full 0):
 garbage-first heap   total reserved 4024320K, committed 151552K, used 25188K [0x000000070a600000, 0x0000000800000000)
  region size 2048K, 7 young (14336K), 2 survivors (4096K)
 Metaspace       used 35852K, committed 36160K, reserved 1114112K
  class space    used 3980K, committed 4160K, reserved 1048576K
}
Event: 33.212 GC heap after
{Heap after GC invocations=8 (full 0):
 garbage-first heap   total reserved 4024320K, committed 151552K, used 17612K [0x000000070a600000, 0x0000000800000000)
  region size 2048K, 3 young (6144K), 3 survivors (6144K)
 Metaspace       used 35852K, committed 36160K, reserved 1114112K
  class space    used 3980K, committed 4160K, reserved 1048576K
}

