# JRE version: OpenJDK Runtime Environment (23.0.2) (build 23.0.2)
# Java VM: OpenJDK 64-Bit Server VM (23.0.2, mixed mode, sharing, tiered, compressed oops, compressed class ptrs, g1 gc, linux-amd64)
GC Precious Log:
 CardTable entry size: 512
 Card Set container configuration: InlinePtr #cards 4 size 8 Array Of Cards #cards 16 size 48 Howl #buckets 8 coarsen threshold 3686 Howl Bitmap #cards 512 size 80 coarsen threshold 460 Card regions per heap region 1 cards per card region 4096
 CPUs: 8 total, 8 available
 Memory: 15718M
 Large Page Support: Disabled
 NUMA Support: Disabled
 Compressed Oops: Enabled (Zero based)
 Heap Region Size: 2M
 Heap Min Capacity: 8M
 Heap Initial Capacity: 246M
 Heap Max Capacity: 3930M
 Pre-touch: Disabled
 Parallel Workers: 8
 Concurrent Workers: 2
 Concurrent Refinement Workers: 8
 Periodic GC: Disabled
Heap:
 garbage-first heap   total reserved 4024320K, committed 69632K, used 25843K [0x000000070a600000, 0x0000000800000000)
  region size 2048K, 7 young (14336K), 2 survivors (4096K)
 Metaspace       used 37739K, committed 38016K, reserved 1114112K
  class space    used 4241K, committed 4352K, reserved 1048576K
GC Heap History (14 events):
Event: 0.335 GC heap before
{Heap before GC invocations=0 (full 0):
 garbage-first heap   total reserved 4024320K, committed 253952K, used 25721K [0x000000070a600000, 0x0000000800000000)
  region size 2048K, 12 young (24576K), 0 survivors (0K)
 Metaspace       used 6886K, committed 7104K, reserved 1114112K
  class space    used 667K, committed 768K, reserved 1048576K
}
Event: 0.339 GC heap after
{Heap after GC invocations=1 (full 0):
 garbage-first heap   total reserved 4024320K, committed 253952K, used 10995K [0x000000070a600000, 0x0000000800000000)
  region size 2048K, 2 young (4096K), 2 survivors (4096K)
 Metaspace       used 6886K, committed 7104K, reserved 1114112K
  class space    used 667K, committed 768K, reserved 1048576K
}
Event: 0.475 GC heap before
{Heap before GC invocations=1 (full 0):
 garbage-first heap   total reserved 4024320K, committed 253952K, used 29427K [0x000000070a600000, 0x0000000800000000)
  region size 2048K, 12 young (24576K), 2 survivors (4096K)
 Metaspace       used 13824K, committed 14016K, reserved 1114112K
  class space    used 1335K, committed 1408K, reserved 1048576K
}
Event: 0.478 GC heap after
{Heap after GC invocations=2 (full 0):
 garbage-first heap   total reserved 4024320K, committed 253952K, used 12173K [0x000000070a600000, 0x0000000800000000)
  region size 2048K, 1 young (2048K), 1 survivors (2048K)
 Metaspace       used 13824K, committed 14016K, reserved 1114112K
  class space    used 1335K, committed 1408K, reserved 1048576K
}
Event: 0.692 GC heap before
{Heap before GC invocations=2 (full 0):
 garbage-first heap   total reserved 4024320K, committed 253952K, used 30605K [0x000000070a600000, 0x0000000800000000)
  region size 2048K, 12 young (24576K), 1 survivors (2048K)
 Metaspace       used 21257K, committed 21504K, reserved 1114112K
  class space    used 2094K, committed 2240K, reserved 1048576K
}
Event: 0.694 GC heap after
{Heap after GC invocations=3 (full 0):
 garbage-first heap   total reserved 4024320K, committed 253952K, used 13065K [0x000000070a600000, 0x0000000800000000)
  region size 2048K, 1 young (2048K), 1 survivors (2048K)
 Metaspace       used 21257K, committed 21504K, reserved 1114112K
  class space    used 2094K, committed 2240K, reserved 1048576K
}
Event: 0.840 GC heap before
{Heap before GC invocations=4 (full 0):
 garbage-first heap   total reserved 4024320K, committed 49152K, used 39689K [0x000000070a600000, 0x0000000800000000)
  region size 2048K, 14 young (28672K), 1 survivors (2048K)
 Metaspace       used 23250K, committed 23488K, reserved 1114112K
  class space    used 2391K, committed 2496K, reserved 1048576K
}
Event: 0.842 GC heap after
{Heap after GC invocations=5 (full 0):
 garbage-first heap   total reserved 4024320K, committed 49152K, used 13649K [0x000000070a600000, 0x0000000800000000)
  region size 2048K, 2 young (4096K), 2 survivors (4096K)
 Metaspace       used 23250K, committed 23488K, reserved 1114112K
  class space    used 2391K, committed 2496K, reserved 1048576K
}
Event: 0.993 GC heap before
{Heap before GC invocations=5 (full 0):
 garbage-first heap   total reserved 4024320K, committed 49152K, used 32081K [0x000000070a600000, 0x0000000800000000)
  region size 2048K, 12 young (24576K), 2 survivors (4096K)
 Metaspace       used 27885K, committed 28096K, reserved 1114112K
  class space    used 3012K, committed 3136K, reserved 1048576K
}
Event: 0.998 GC heap after
{Heap after GC invocations=6 (full 0):
 garbage-first heap   total reserved 4024320K, committed 49152K, used 15070K [0x000000070a600000, 0x0000000800000000)
  region size 2048K, 2 young (4096K), 2 survivors (4096K)
 Metaspace       used 27885K, committed 28096K, reserved 1114112K
  class space    used 3012K, committed 3136K, reserved 1048576K
}
Event: 1.174 GC heap before
{Heap before GC invocations=6 (full 0):
 garbage-first heap   total reserved 4024320K, committed 49152K, used 35550K [0x000000070a600000, 0x0000000800000000)
  region size 2048K, 13 young (26624K), 2 survivors (4096K)
 Metaspace       used 33397K, committed 33664K, reserved 1114112K
  class space    used 3685K, committed 3776K, reserved 1048576K
}
Event: 1.177 GC heap after
{Heap after GC invocations=7 (full 0):
 garbage-first heap   total reserved 4024320K, committed 49152K, used 16797K [0x000000070a600000, 0x0000000800000000)
  region size 2048K, 2 young (4096K), 2 survivors (4096K)
 Metaspace       used 33397K, committed 33664K, reserved 1114112K
  class space    used 3685K, committed 3776K, reserved 1048576K
}
Event: 6.629 GC heap before
{Heap before GC invocations=7 (full 0):
 garbage-first heap   total reserved 4024320K, committed 49152K, used 27037K [0x000000070a600000, 0x0000000800000000)
  region size 2048K, 8 young (16384K), 2 survivors (4096K)
 Metaspace       used 35875K, committed 36096K, reserved 1114112K
  class space    used 4004K, committed 4096K, reserved 1048576K
}
Event: 6.631 GC heap after
{Heap after GC invocations=8 (full 0):
 garbage-first heap   total reserved 4024320K, committed 151552K, used 17651K [0x000000070a600000, 0x0000000800000000)
  region size 2048K, 2 young (4096K), 2 survivors (4096K)
 Metaspace       used 35875K, committed 36096K, reserved 1114112K
  class space    used 4004K, committed 4096K, reserved 1048576K
}

